# JRE version: OpenJDK Runtime Environment (8.0_152-b02) (build 1.8.0_152-release-1024-b02)
# Java VM: OpenJDK 64-Bit Server VM (25.152-b02 mixed mode windows-amd64 compressed oops)
Heap:
 PSYoungGen      total 250368K, used 204717K [0x00000000e0000000, 0x00000000f1a80000, 0x0000000100000000)
  eden space 217600K, 82% used [0x00000000e0000000,0x00000000eb04e830,0x00000000ed480000)
  from space 32768K, 73% used [0x00000000efa80000,0x00000000f121cd38,0x00000000f1a80000)
  to   space 35840K, 0% used [0x00000000ed480000,0x00000000ed480000,0x00000000ef780000)
 ParOldGen       total 109568K, used 73535K [0x00000000a0000000, 0x00000000a6b00000, 0x00000000e0000000)
  object space 109568K, 67% used [0x00000000a0000000,0x00000000a47cfdc0,0x00000000a6b00000)
 Metaspace       used 67438K, capacity 70462K, committed 70656K, reserved 1110016K
  class space    used 9027K, capacity 9682K, committed 9728K, reserved 1048576K
GC Heap History (10 events):
Event: 28.326 GC heap before
{Heap before GC invocations=15 (full 2):
 PSYoungGen      total 175104K, used 117482K [0x00000000e0000000, 0x00000000ebf00000, 0x0000000100000000)
  eden space 156672K, 66% used [0x00000000e0000000,0x00000000e65e0580,0x00000000e9900000)
  from space 18432K, 71% used [0x00000000eac00000,0x00000000eb8da460,0x00000000ebe00000)
  to   space 19456K, 0% used [0x00000000e9900000,0x00000000e9900000,0x00000000eac00000)
 ParOldGen       total 63488K, used 41191K [0x00000000a0000000, 0x00000000a3e00000, 0x00000000e0000000)
  object space 63488K, 64% used [0x00000000a0000000,0x00000000a2839f20,0x00000000a3e00000)
 Metaspace       used 57012K, capacity 58908K, committed 59008K, reserved 1099776K
  class space    used 7789K, capacity 8263K, committed 8320K, reserved 1048576K
Event: 28.366 GC heap after
Heap after GC invocations=15 (full 2):
 PSYoungGen      total 176128K, used 17199K [0x00000000e0000000, 0x00000000ee100000, 0x0000000100000000)
  eden space 156672K, 0% used [0x00000000e0000000,0x00000000e0000000,0x00000000e9900000)
  from space 19456K, 88% used [0x00000000e9900000,0x00000000ea9cbc40,0x00000000eac00000)
  to   space 21504K, 0% used [0x00000000ecc00000,0x00000000ecc00000,0x00000000ee100000)
 ParOldGen       total 63488K, used 41199K [0x00000000a0000000, 0x00000000a3e00000, 0x00000000e0000000)
  object space 63488K, 64% used [0x00000000a0000000,0x00000000a283bf20,0x00000000a3e00000)
 Metaspace       used 57012K, capacity 58908K, committed 59008K, reserved 1099776K
  class space    used 7789K, capacity 8263K, committed 8320K, reserved 1048576K
}
Event: 28.366 GC heap before
{Heap before GC invocations=16 (full 3):
 PSYoungGen      total 176128K, used 17199K [0x00000000e0000000, 0x00000000ee100000, 0x0000000100000000)
  eden space 156672K, 0% used [0x00000000e0000000,0x00000000e0000000,0x00000000e9900000)
  from space 19456K, 88% used [0x00000000e9900000,0x00000000ea9cbc40,0x00000000eac00000)
  to   space 21504K, 0% used [0x00000000ecc00000,0x00000000ecc00000,0x00000000ee100000)
 ParOldGen       total 63488K, used 41199K [0x00000000a0000000, 0x00000000a3e00000, 0x00000000e0000000)
  object space 63488K, 64% used [0x00000000a0000000,0x00000000a283bf20,0x00000000a3e00000)
 Metaspace       used 57012K, capacity 58908K, committed 59008K, reserved 1099776K
  class space    used 7789K, capacity 8263K, committed 8320K, reserved 1048576K
Event: 28.760 GC heap after
Heap after GC invocations=16 (full 3):
 PSYoungGen      total 176128K, used 0K [0x00000000e0000000, 0x00000000ee100000, 0x0000000100000000)
  eden space 156672K, 0% used [0x00000000e0000000,0x00000000e0000000,0x00000000e9900000)
  from space 19456K, 0% used [0x00000000e9900000,0x00000000e9900000,0x00000000eac00000)
  to   space 21504K, 0% used [0x00000000ecc00000,0x00000000ecc00000,0x00000000ee100000)
 ParOldGen       total 109568K, used 43645K [0x00000000a0000000, 0x00000000a6b00000, 0x00000000e0000000)
  object space 109568K, 39% used [0x00000000a0000000,0x00000000a2a9f6f8,0x00000000a6b00000)
 Metaspace       used 56994K, capacity 58858K, committed 59008K, reserved 1099776K
  class space    used 7783K, capacity 8252K, committed 8320K, reserved 1048576K
}
Event: 31.488 GC heap before
{Heap before GC invocations=17 (full 3):
 PSYoungGen      total 176128K, used 156672K [0x00000000e0000000, 0x00000000ee100000, 0x0000000100000000)
  eden space 156672K, 100% used [0x00000000e0000000,0x00000000e9900000,0x00000000e9900000)
  from space 19456K, 0% used [0x00000000e9900000,0x00000000e9900000,0x00000000eac00000)
  to   space 21504K, 0% used [0x00000000ecc00000,0x00000000ecc00000,0x00000000ee100000)
 ParOldGen       total 109568K, used 43645K [0x00000000a0000000, 0x00000000a6b00000, 0x00000000e0000000)
  object space 109568K, 39% used [0x00000000a0000000,0x00000000a2a9f6f8,0x00000000a6b00000)
 Metaspace       used 61424K, capacity 63940K, committed 64000K, reserved 1103872K
  class space    used 8372K, capacity 8923K, committed 8960K, reserved 1048576K
Event: 31.722 GC heap after
Heap after GC invocations=17 (full 3):
 PSYoungGen      total 194560K, used 21480K [0x00000000e0000000, 0x00000000f0e80000, 0x0000000100000000)
  eden space 173056K, 0% used [0x00000000e0000000,0x00000000e0000000,0x00000000ea900000)
  from space 21504K, 99% used [0x00000000ecc00000,0x00000000ee0fa328,0x00000000ee100000)
  to   space 35840K, 0% used [0x00000000ea900000,0x00000000ea900000,0x00000000ecc00000)
 ParOldGen       total 109568K, used 73519K [0x00000000a0000000, 0x00000000a6b00000, 0x00000000e0000000)
  object space 109568K, 67% used [0x00000000a0000000,0x00000000a47cbdc0,0x00000000a6b00000)
 Metaspace       used 61424K, capacity 63940K, committed 64000K, reserved 1103872K
  class space    used 8372K, capacity 8923K, committed 8960K, reserved 1048576K
}
Event: 37.607 GC heap before
{Heap before GC invocations=18 (full 3):
 PSYoungGen      total 194560K, used 194536K [0x00000000e0000000, 0x00000000f0e80000, 0x0000000100000000)
  eden space 173056K, 100% used [0x00000000e0000000,0x00000000ea900000,0x00000000ea900000)
  from space 21504K, 99% used [0x00000000ecc00000,0x00000000ee0fa328,0x00000000ee100000)
  to   space 35840K, 0% used [0x00000000ea900000,0x00000000ea900000,0x00000000ecc00000)
 ParOldGen       total 109568K, used 73519K [0x00000000a0000000, 0x00000000a6b00000, 0x00000000e0000000)
  object space 109568K, 67% used [0x00000000a0000000,0x00000000a47cbdc0,0x00000000a6b00000)
 Metaspace       used 61864K, capacity 64354K, committed 64640K, reserved 1105920K
  class space    used 8424K, capacity 8972K, committed 9088K, reserved 1048576K
Event: 37.661 GC heap after
Heap after GC invocations=18 (full 3):
 PSYoungGen      total 208896K, used 14548K [0x00000000e0000000, 0x00000000f1c00000, 0x0000000100000000)
  eden space 173056K, 0% used [0x00000000e0000000,0x00000000e0000000,0x00000000ea900000)
  from space 35840K, 40% used [0x00000000ea900000,0x00000000eb7350e0,0x00000000ecc00000)
  to   space 34304K, 0% used [0x00000000efa80000,0x00000000efa80000,0x00000000f1c00000)
 ParOldGen       total 109568K, used 73527K [0x00000000a0000000, 0x00000000a6b00000, 0x00000000e0000000)
  object space 109568K, 67% used [0x00000000a0000000,0x00000000a47cddc0,0x00000000a6b00000)
 Metaspace       used 61864K, capacity 64354K, committed 64640K, reserved 1105920K
  class space    used 8424K, capacity 8972K, committed 9088K, reserved 1048576K
}
Event: 44.750 GC heap before
{Heap before GC invocations=19 (full 3):
 PSYoungGen      total 208896K, used 187600K [0x00000000e0000000, 0x00000000f1c00000, 0x0000000100000000)
  eden space 173056K, 99% used [0x00000000e0000000,0x00000000ea8ff1c8,0x00000000ea900000)
  from space 35840K, 40% used [0x00000000ea900000,0x00000000eb7350e0,0x00000000ecc00000)
  to   space 34304K, 0% used [0x00000000efa80000,0x00000000efa80000,0x00000000f1c00000)
 ParOldGen       total 109568K, used 73527K [0x00000000a0000000, 0x00000000a6b00000, 0x00000000e0000000)
  object space 109568K, 67% used [0x00000000a0000000,0x00000000a47cddc0,0x00000000a6b00000)
 Metaspace       used 63762K, capacity 66484K, committed 66688K, reserved 1105920K
  class space    used 8663K, capacity 9243K, committed 9344K, reserved 1048576K
Event: 44.809 GC heap after
Heap after GC invocations=19 (full 3):
 PSYoungGen      total 250368K, used 24179K [0x00000000e0000000, 0x00000000f1a80000, 0x0000000100000000)
  eden space 217600K, 0% used [0x00000000e0000000,0x00000000e0000000,0x00000000ed480000)
  from space 32768K, 73% used [0x00000000efa80000,0x00000000f121cd38,0x00000000f1a80000)
  to   space 35840K, 0% used [0x00000000ed480000,0x00000000ed480000,0x00000000ef780000)
 ParOldGen       total 109568K, used 73535K [0x00000000a0000000, 0x00000000a6b00000, 0x00000000e0000000)
  object space 109568K, 67% used [0x00000000a0000000,0x00000000a47cfdc0,0x00000000a6b00000)
 Metaspace       used 63762K, capacity 66484K, committed 66688K, reserved 1105920K
  class space    used 8663K, capacity 9243K, committed 9344K, reserved 1048576K
}

