# JRE version: OpenJDK Runtime Environment (8.0_152-b02) (build 1.8.0_152-release-1024-b02)
# Java VM: OpenJDK 64-Bit Server VM (25.152-b02 mixed mode windows-amd64 compressed oops)
Heap:
 PSYoungGen      total 206336K, used 35544K [0x00000000e0000000, 0x00000000eea80000, 0x0000000100000000)
  eden space 179712K, 19% used [0x00000000e0000000,0x00000000e22b6100,0x00000000eaf80000)
  from space 26624K, 0% used [0x00000000eaf80000,0x00000000eaf80000,0x00000000ec980000)
  to   space 17408K, 0% used [0x00000000ec980000,0x00000000ec980000,0x00000000eda80000)
 ParOldGen       total 129024K, used 48660K [0x00000000a0000000, 0x00000000a7e00000, 0x00000000e0000000)
  object space 129024K, 37% used [0x00000000a0000000,0x00000000a2f850a0,0x00000000a7e00000)
 Metaspace       used 63078K, capacity 65232K, committed 66176K, reserved 1105920K
  class space    used 8364K, capacity 8912K, committed 9088K, reserved 1048576K
GC Heap History (10 events):
Event: 26.770 GC heap before
{Heap before GC invocations=17 (full 2):
 PSYoungGen      total 165376K, used 112353K [0x00000000e0000000, 0x00000000eb380000, 0x0000000100000000)
  eden space 151552K, 65% used [0x00000000e0000000,0x00000000e6160fa8,0x00000000e9400000)
  from space 13824K, 91% used [0x00000000ea300000,0x00000000eaf57620,0x00000000eb080000)
  to   space 15360K, 0% used [0x00000000e9400000,0x00000000e9400000,0x00000000ea300000)
 ParOldGen       total 51200K, used 29395K [0x00000000a0000000, 0x00000000a3200000, 0x00000000e0000000)
  object space 51200K, 57% used [0x00000000a0000000,0x00000000a1cb4d20,0x00000000a3200000)
 Metaspace       used 56964K, capacity 58924K, committed 59008K, reserved 1099776K
  class space    used 7801K, capacity 8292K, committed 8320K, reserved 1048576K
Event: 26.797 GC heap after
Heap after GC invocations=17 (full 2):
 PSYoungGen      total 166912K, used 14637K [0x00000000e0000000, 0x00000000eda80000, 0x0000000100000000)
  eden space 151552K, 0% used [0x00000000e0000000,0x00000000e0000000,0x00000000e9400000)
  from space 15360K, 95% used [0x00000000e9400000,0x00000000ea24b660,0x00000000ea300000)
  to   space 17408K, 0% used [0x00000000ec980000,0x00000000ec980000,0x00000000eda80000)
 ParOldGen       total 51200K, used 29403K [0x00000000a0000000, 0x00000000a3200000, 0x00000000e0000000)
  object space 51200K, 57% used [0x00000000a0000000,0x00000000a1cb6d20,0x00000000a3200000)
 Metaspace       used 56964K, capacity 58924K, committed 59008K, reserved 1099776K
  class space    used 7801K, capacity 8292K, committed 8320K, reserved 1048576K
}
Event: 26.797 GC heap before
{Heap before GC invocations=18 (full 3):
 PSYoungGen      total 166912K, used 14637K [0x00000000e0000000, 0x00000000eda80000, 0x0000000100000000)
  eden space 151552K, 0% used [0x00000000e0000000,0x00000000e0000000,0x00000000e9400000)
  from space 15360K, 95% used [0x00000000e9400000,0x00000000ea24b660,0x00000000ea300000)
  to   space 17408K, 0% used [0x00000000ec980000,0x00000000ec980000,0x00000000eda80000)
 ParOldGen       total 51200K, used 29403K [0x00000000a0000000, 0x00000000a3200000, 0x00000000e0000000)
  object space 51200K, 57% used [0x00000000a0000000,0x00000000a1cb6d20,0x00000000a3200000)
 Metaspace       used 56964K, capacity 58924K, committed 59008K, reserved 1099776K
  class space    used 7801K, capacity 8292K, committed 8320K, reserved 1048576K
Event: 27.235 GC heap after
Heap after GC invocations=18 (full 3):
 PSYoungGen      total 166912K, used 0K [0x00000000e0000000, 0x00000000eda80000, 0x0000000100000000)
  eden space 151552K, 0% used [0x00000000e0000000,0x00000000e0000000,0x00000000e9400000)
  from space 15360K, 0% used [0x00000000e9400000,0x00000000e9400000,0x00000000ea300000)
  to   space 17408K, 0% used [0x00000000ec980000,0x00000000ec980000,0x00000000eda80000)
 ParOldGen       total 88064K, used 39046K [0x00000000a0000000, 0x00000000a5600000, 0x00000000e0000000)
  object space 88064K, 44% used [0x00000000a0000000,0x00000000a2621a38,0x00000000a5600000)
 Metaspace       used 56964K, capacity 58924K, committed 59008K, reserved 1099776K
  class space    used 7801K, capacity 8292K, committed 8320K, reserved 1048576K
}
Event: 30.516 GC heap before
{Heap before GC invocations=19 (full 3):
 PSYoungGen      total 166912K, used 151552K [0x00000000e0000000, 0x00000000eda80000, 0x0000000100000000)
  eden space 151552K, 100% used [0x00000000e0000000,0x00000000e9400000,0x00000000e9400000)
  from space 15360K, 0% used [0x00000000e9400000,0x00000000e9400000,0x00000000ea300000)
  to   space 17408K, 0% used [0x00000000ec980000,0x00000000ec980000,0x00000000eda80000)
 ParOldGen       total 88064K, used 39046K [0x00000000a0000000, 0x00000000a5600000, 0x00000000e0000000)
  object space 88064K, 44% used [0x00000000a0000000,0x00000000a2621a38,0x00000000a5600000)
 Metaspace       used 62047K, capacity 64030K, committed 64256K, reserved 1103872K
  class space    used 8335K, capacity 8845K, committed 8960K, reserved 1048576K
Event: 30.571 GC heap after
Heap after GC invocations=19 (full 3):
 PSYoungGen      total 197120K, used 17383K [0x00000000e0000000, 0x00000000eea80000, 0x0000000100000000)
  eden space 179712K, 0% used [0x00000000e0000000,0x00000000e0000000,0x00000000eaf80000)
  from space 17408K, 99% used [0x00000000ec980000,0x00000000eda79d10,0x00000000eda80000)
  to   space 26624K, 0% used [0x00000000eaf80000,0x00000000eaf80000,0x00000000ec980000)
 ParOldGen       total 88064K, used 56888K [0x00000000a0000000, 0x00000000a5600000, 0x00000000e0000000)
  object space 88064K, 64% used [0x00000000a0000000,0x00000000a378e1e8,0x00000000a5600000)
 Metaspace       used 62047K, capacity 64030K, committed 64256K, reserved 1103872K
  class space    used 8335K, capacity 8845K, committed 8960K, reserved 1048576K
}
Event: 35.923 GC heap before
{Heap before GC invocations=20 (full 3):
 PSYoungGen      total 197120K, used 197095K [0x00000000e0000000, 0x00000000eea80000, 0x0000000100000000)
  eden space 179712K, 100% used [0x00000000e0000000,0x00000000eaf80000,0x00000000eaf80000)
  from space 17408K, 99% used [0x00000000ec980000,0x00000000eda79d10,0x00000000eda80000)
  to   space 26624K, 0% used [0x00000000eaf80000,0x00000000eaf80000,0x00000000ec980000)
 ParOldGen       total 88064K, used 56888K [0x00000000a0000000, 0x00000000a5600000, 0x00000000e0000000)
  object space 88064K, 64% used [0x00000000a0000000,0x00000000a378e1e8,0x00000000a5600000)
 Metaspace       used 63633K, capacity 65764K, committed 66176K, reserved 1105920K
  class space    used 8430K, capacity 8974K, committed 9088K, reserved 1048576K
Event: 36.037 GC heap after
Heap after GC invocations=20 (full 3):
 PSYoungGen      total 206336K, used 26604K [0x00000000e0000000, 0x00000000eea80000, 0x0000000100000000)
  eden space 179712K, 0% used [0x00000000e0000000,0x00000000e0000000,0x00000000eaf80000)
  from space 26624K, 99% used [0x00000000eaf80000,0x00000000ec97b338,0x00000000ec980000)
  to   space 17408K, 0% used [0x00000000ec980000,0x00000000ec980000,0x00000000eda80000)
 ParOldGen       total 90112K, used 89112K [0x00000000a0000000, 0x00000000a5800000, 0x00000000e0000000)
  object space 90112K, 98% used [0x00000000a0000000,0x00000000a57063f8,0x00000000a5800000)
 Metaspace       used 63633K, capacity 65764K, committed 66176K, reserved 1105920K
  class space    used 8430K, capacity 8974K, committed 9088K, reserved 1048576K
}
Event: 36.037 GC heap before
{Heap before GC invocations=21 (full 4):
 PSYoungGen      total 206336K, used 26604K [0x00000000e0000000, 0x00000000eea80000, 0x0000000100000000)
  eden space 179712K, 0% used [0x00000000e0000000,0x00000000e0000000,0x00000000eaf80000)
  from space 26624K, 99% used [0x00000000eaf80000,0x00000000ec97b338,0x00000000ec980000)
  to   space 17408K, 0% used [0x00000000ec980000,0x00000000ec980000,0x00000000eda80000)
 ParOldGen       total 90112K, used 89112K [0x00000000a0000000, 0x00000000a5800000, 0x00000000e0000000)
  object space 90112K, 98% used [0x00000000a0000000,0x00000000a57063f8,0x00000000a5800000)
 Metaspace       used 63633K, capacity 65764K, committed 66176K, reserved 1105920K
  class space    used 8430K, capacity 8974K, committed 9088K, reserved 1048576K
Event: 36.305 GC heap after
Heap after GC invocations=21 (full 4):
 PSYoungGen      total 206336K, used 0K [0x00000000e0000000, 0x00000000eea80000, 0x0000000100000000)
  eden space 179712K, 0% used [0x00000000e0000000,0x00000000e0000000,0x00000000eaf80000)
  from space 26624K, 0% used [0x00000000eaf80000,0x00000000eaf80000,0x00000000ec980000)
  to   space 17408K, 0% used [0x00000000ec980000,0x00000000ec980000,0x00000000eda80000)
 ParOldGen       total 129024K, used 48660K [0x00000000a0000000, 0x00000000a7e00000, 0x00000000e0000000)
  object space 129024K, 37% used [0x00000000a0000000,0x00000000a2f850a0,0x00000000a7e00000)
 Metaspace       used 62656K, capacity 64754K, committed 66176K, reserved 1105920K
  class space    used 8332K, capacity 8869K, committed 9088K, reserved 1048576K
}

