# JRE version: OpenJDK Runtime Environment (8.0_152-b02) (build 1.8.0_152-release-1024-b02)
# Java VM: OpenJDK 64-Bit Server VM (25.152-b02 mixed mode windows-amd64 compressed oops)
Heap:
 PSYoungGen      total 209408K, used 118952K [0x00000000e0000000, 0x00000000f4800000, 0x0000000100000000)
  eden space 184832K, 64% used [0x00000000e0000000,0x00000000e742a250,0x00000000eb480000)
  from space 24576K, 0% used [0x00000000eb480000,0x00000000eb480000,0x00000000ecc80000)
  to   space 44032K, 0% used [0x00000000f1d00000,0x00000000f1d00000,0x00000000f4800000)
 ParOldGen       total 115712K, used 53968K [0x00000000a0000000, 0x00000000a7100000, 0x00000000e0000000)
  object space 115712K, 46% used [0x00000000a0000000,0x00000000a34b4160,0x00000000a7100000)
 Metaspace       used 67606K, capacity 70134K, committed 70272K, reserved 1110016K
  class space    used 8885K, capacity 9486K, committed 9600K, reserved 1048576K
GC Heap History (10 events):
Event: 43.482 GC heap before
{Heap before GC invocations=16 (full 3):
 PSYoungGen      total 172032K, used 13846K [0x00000000e0000000, 0x00000000ee400000, 0x0000000100000000)
  eden space 151552K, 0% used [0x00000000e0000000,0x00000000e0000000,0x00000000e9400000)
  from space 20480K, 67% used [0x00000000e9400000,0x00000000ea185ac0,0x00000000ea800000)
  to   space 20992K, 0% used [0x00000000ecf80000,0x00000000ecf80000,0x00000000ee400000)
 ParOldGen       total 62976K, used 46140K [0x00000000a0000000, 0x00000000a3d80000, 0x00000000e0000000)
  object space 62976K, 73% used [0x00000000a0000000,0x00000000a2d0f1b8,0x00000000a3d80000)
 Metaspace       used 56983K, capacity 58872K, committed 59008K, reserved 1099776K
  class space    used 7766K, capacity 8227K, committed 8320K, reserved 1048576K
Event: 43.910 GC heap after
Heap after GC invocations=16 (full 3):
 PSYoungGen      total 172032K, used 0K [0x00000000e0000000, 0x00000000ee400000, 0x0000000100000000)
  eden space 151552K, 0% used [0x00000000e0000000,0x00000000e0000000,0x00000000e9400000)
  from space 20480K, 0% used [0x00000000e9400000,0x00000000e9400000,0x00000000ea800000)
  to   space 20992K, 0% used [0x00000000ecf80000,0x00000000ecf80000,0x00000000ee400000)
 ParOldGen       total 115712K, used 52334K [0x00000000a0000000, 0x00000000a7100000, 0x00000000e0000000)
  object space 115712K, 45% used [0x00000000a0000000,0x00000000a331bb90,0x00000000a7100000)
 Metaspace       used 56983K, capacity 58872K, committed 59008K, reserved 1099776K
  class space    used 7766K, capacity 8227K, committed 8320K, reserved 1048576K
}
Event: 71.372 GC heap before
{Heap before GC invocations=17 (full 3):
 PSYoungGen      total 172032K, used 151552K [0x00000000e0000000, 0x00000000ee400000, 0x0000000100000000)
  eden space 151552K, 100% used [0x00000000e0000000,0x00000000e9400000,0x00000000e9400000)
  from space 20480K, 0% used [0x00000000e9400000,0x00000000e9400000,0x00000000ea800000)
  to   space 20992K, 0% used [0x00000000ecf80000,0x00000000ecf80000,0x00000000ee400000)
 ParOldGen       total 115712K, used 52334K [0x00000000a0000000, 0x00000000a7100000, 0x00000000e0000000)
  object space 115712K, 45% used [0x00000000a0000000,0x00000000a331bb90,0x00000000a7100000)
 Metaspace       used 62073K, capacity 64140K, committed 64256K, reserved 1103872K
  class space    used 8365K, capacity 8875K, committed 8960K, reserved 1048576K
Event: 71.416 GC heap after
Heap after GC invocations=17 (full 3):
 PSYoungGen      total 205824K, used 20990K [0x00000000e0000000, 0x00000000ee480000, 0x0000000100000000)
  eden space 184832K, 0% used [0x00000000e0000000,0x00000000e0000000,0x00000000eb480000)
  from space 20992K, 99% used [0x00000000ecf80000,0x00000000ee3ffa90,0x00000000ee400000)
  to   space 24576K, 0% used [0x00000000eb480000,0x00000000eb480000,0x00000000ecc80000)
 ParOldGen       total 115712K, used 52947K [0x00000000a0000000, 0x00000000a7100000, 0x00000000e0000000)
  object space 115712K, 45% used [0x00000000a0000000,0x00000000a33b4d60,0x00000000a7100000)
 Metaspace       used 62073K, capacity 64140K, committed 64256K, reserved 1103872K
  class space    used 8365K, capacity 8875K, committed 8960K, reserved 1048576K
}
Event: 74.059 GC heap before
{Heap before GC invocations=18 (full 3):
 PSYoungGen      total 205824K, used 205822K [0x00000000e0000000, 0x00000000ee480000, 0x0000000100000000)
  eden space 184832K, 100% used [0x00000000e0000000,0x00000000eb480000,0x00000000eb480000)
  from space 20992K, 99% used [0x00000000ecf80000,0x00000000ee3ffa90,0x00000000ee400000)
  to   space 24576K, 0% used [0x00000000eb480000,0x00000000eb480000,0x00000000ecc80000)
 ParOldGen       total 115712K, used 52947K [0x00000000a0000000, 0x00000000a7100000, 0x00000000e0000000)
  object space 115712K, 45% used [0x00000000a0000000,0x00000000a33b4d60,0x00000000a7100000)
 Metaspace       used 64141K, capacity 66270K, committed 66432K, reserved 1105920K
  class space    used 8529K, capacity 9012K, committed 9088K, reserved 1048576K
Event: 74.191 GC heap after
Heap after GC invocations=18 (full 3):
 PSYoungGen      total 209408K, used 24545K [0x00000000e0000000, 0x00000000f4800000, 0x0000000100000000)
  eden space 184832K, 0% used [0x00000000e0000000,0x00000000e0000000,0x00000000eb480000)
  from space 24576K, 99% used [0x00000000eb480000,0x00000000ecc78600,0x00000000ecc80000)
  to   space 44032K, 0% used [0x00000000f1d00000,0x00000000f1d00000,0x00000000f4800000)
 ParOldGen       total 115712K, used 94795K [0x00000000a0000000, 0x00000000a7100000, 0x00000000e0000000)
  object space 115712K, 81% used [0x00000000a0000000,0x00000000a5c92fe0,0x00000000a7100000)
 Metaspace       used 64141K, capacity 66270K, committed 66432K, reserved 1105920K
  class space    used 8529K, capacity 9012K, committed 9088K, reserved 1048576K
}
Event: 74.191 GC heap before
{Heap before GC invocations=19 (full 4):
 PSYoungGen      total 209408K, used 24545K [0x00000000e0000000, 0x00000000f4800000, 0x0000000100000000)
  eden space 184832K, 0% used [0x00000000e0000000,0x00000000e0000000,0x00000000eb480000)
  from space 24576K, 99% used [0x00000000eb480000,0x00000000ecc78600,0x00000000ecc80000)
  to   space 44032K, 0% used [0x00000000f1d00000,0x00000000f1d00000,0x00000000f4800000)
 ParOldGen       total 115712K, used 94795K [0x00000000a0000000, 0x00000000a7100000, 0x00000000e0000000)
  object space 115712K, 81% used [0x00000000a0000000,0x00000000a5c92fe0,0x00000000a7100000)
 Metaspace       used 64141K, capacity 66270K, committed 66432K, reserved 1105920K
  class space    used 8529K, capacity 9012K, committed 9088K, reserved 1048576K
Event: 74.871 GC heap after
Heap after GC invocations=19 (full 4):
 PSYoungGen      total 209408K, used 0K [0x00000000e0000000, 0x00000000f4800000, 0x0000000100000000)
  eden space 184832K, 0% used [0x00000000e0000000,0x00000000e0000000,0x00000000eb480000)
  from space 24576K, 0% used [0x00000000eb480000,0x00000000eb480000,0x00000000ecc80000)
  to   space 44032K, 0% used [0x00000000f1d00000,0x00000000f1d00000,0x00000000f4800000)
 ParOldGen       total 115712K, used 99516K [0x00000000a0000000, 0x00000000a7100000, 0x00000000e0000000)
  object space 115712K, 86% used [0x00000000a0000000,0x00000000a612f0c8,0x00000000a7100000)
 Metaspace       used 64141K, capacity 66270K, committed 66432K, reserved 1105920K
  class space    used 8529K, capacity 9012K, committed 9088K, reserved 1048576K
}
Event: 86.336 GC heap before
{Heap before GC invocations=20 (full 5):
 PSYoungGen      total 209408K, used 184832K [0x00000000e0000000, 0x00000000f4800000, 0x0000000100000000)
  eden space 184832K, 100% used [0x00000000e0000000,0x00000000eb480000,0x00000000eb480000)
  from space 24576K, 0% used [0x00000000eb480000,0x00000000eb480000,0x00000000ecc80000)
  to   space 44032K, 0% used [0x00000000f1d00000,0x00000000f1d00000,0x00000000f4800000)
 ParOldGen       total 115712K, used 99516K [0x00000000a0000000, 0x00000000a7100000, 0x00000000e0000000)
  object space 115712K, 86% used [0x00000000a0000000,0x00000000a612f0c8,0x00000000a7100000)
 Metaspace       used 67485K, capacity 69920K, committed 70272K, reserved 1110016K
  class space    used 8878K, capacity 9489K, committed 9600K, reserved 1048576K
Event: 86.588 GC heap after
Heap after GC invocations=20 (full 5):
 PSYoungGen      total 209408K, used 0K [0x00000000e0000000, 0x00000000f4800000, 0x0000000100000000)
  eden space 184832K, 0% used [0x00000000e0000000,0x00000000e0000000,0x00000000eb480000)
  from space 24576K, 0% used [0x00000000eb480000,0x00000000eb480000,0x00000000ecc80000)
  to   space 44032K, 0% used [0x00000000f1d00000,0x00000000f1d00000,0x00000000f4800000)
 ParOldGen       total 115712K, used 53968K [0x00000000a0000000, 0x00000000a7100000, 0x00000000e0000000)
  object space 115712K, 46% used [0x00000000a0000000,0x00000000a34b4160,0x00000000a7100000)
 Metaspace       used 66508K, capacity 68910K, committed 70272K, reserved 1110016K
  class space    used 8780K, capacity 9384K, committed 9600K, reserved 1048576K
}

