# JRE version: OpenJDK Runtime Environment (8.0_152-b02) (build 1.8.0_152-release-1024-b02)
# Java VM: OpenJDK 64-Bit Server VM (25.152-b02 mixed mode windows-amd64 compressed oops)
Heap:
 PSYoungGen      total 176640K, used 66258K [0x00000000e0000000, 0x00000000ee100000, 0x0000000100000000)
  eden space 158720K, 41% used [0x00000000e0000000,0x00000000e40b4960,0x00000000e9b00000)
  from space 17920K, 0% used [0x00000000e9b00000,0x00000000e9b00000,0x00000000eac80000)
  to   space 16896K, 0% used [0x00000000ed080000,0x00000000ed080000,0x00000000ee100000)
 ParOldGen       total 104960K, used 42630K [0x00000000a0000000, 0x00000000a6680000, 0x00000000e0000000)
  object space 104960K, 40% used [0x00000000a0000000,0x00000000a29a1860,0x00000000a6680000)
 Metaspace       used 65096K, capacity 67672K, committed 67840K, reserved 1107968K
  class space    used 8869K, capacity 9456K, committed 9472K, reserved 1048576K
GC Heap History (10 events):
Event: 11.962 GC heap before
{Heap before GC invocations=12 (full 2):
 PSYoungGen      total 136192K, used 127488K [0x00000000e0000000, 0x00000000e9600000, 0x0000000100000000)
  eden space 127488K, 100% used [0x00000000e0000000,0x00000000e7c80000,0x00000000e7c80000)
  from space 8704K, 0% used [0x00000000e7c80000,0x00000000e7c80000,0x00000000e8500000)
  to   space 11776K, 0% used [0x00000000e8a80000,0x00000000e8a80000,0x00000000e9600000)
 ParOldGen       total 60928K, used 19348K [0x00000000a0000000, 0x00000000a3b80000, 0x00000000e0000000)
  object space 60928K, 31% used [0x00000000a0000000,0x00000000a12e5170,0x00000000a3b80000)
 Metaspace       used 40951K, capacity 42022K, committed 42112K, reserved 1085440K
  class space    used 5609K, capacity 5938K, committed 6016K, reserved 1048576K
Event: 12.007 GC heap after
Heap after GC invocations=12 (full 2):
 PSYoungGen      total 139264K, used 11748K [0x00000000e0000000, 0x00000000eb980000, 0x0000000100000000)
  eden space 127488K, 0% used [0x00000000e0000000,0x00000000e0000000,0x00000000e7c80000)
  from space 11776K, 99% used [0x00000000e8a80000,0x00000000e95f9158,0x00000000e9600000)
  to   space 14336K, 0% used [0x00000000e7c80000,0x00000000e7c80000,0x00000000e8a80000)
 ParOldGen       total 60928K, used 21587K [0x00000000a0000000, 0x00000000a3b80000, 0x00000000e0000000)
  object space 60928K, 35% used [0x00000000a0000000,0x00000000a1514ca8,0x00000000a3b80000)
 Metaspace       used 40951K, capacity 42022K, committed 42112K, reserved 1085440K
  class space    used 5609K, capacity 5938K, committed 6016K, reserved 1048576K
}
Event: 14.835 GC heap before
{Heap before GC invocations=13 (full 2):
 PSYoungGen      total 139264K, used 139236K [0x00000000e0000000, 0x00000000eb980000, 0x0000000100000000)
  eden space 127488K, 100% used [0x00000000e0000000,0x00000000e7c80000,0x00000000e7c80000)
  from space 11776K, 99% used [0x00000000e8a80000,0x00000000e95f9158,0x00000000e9600000)
  to   space 14336K, 0% used [0x00000000e7c80000,0x00000000e7c80000,0x00000000e8a80000)
 ParOldGen       total 60928K, used 21587K [0x00000000a0000000, 0x00000000a3b80000, 0x00000000e0000000)
  object space 60928K, 35% used [0x00000000a0000000,0x00000000a1514ca8,0x00000000a3b80000)
 Metaspace       used 50847K, capacity 52496K, committed 52736K, reserved 1095680K
  class space    used 6942K, capacity 7383K, committed 7424K, reserved 1048576K
Event: 14.891 GC heap after
Heap after GC invocations=13 (full 2):
 PSYoungGen      total 141824K, used 10790K [0x00000000e0000000, 0x00000000ebb00000, 0x0000000100000000)
  eden space 127488K, 0% used [0x00000000e0000000,0x00000000e0000000,0x00000000e7c80000)
  from space 14336K, 75% used [0x00000000e7c80000,0x00000000e87099f0,0x00000000e8a80000)
  to   space 14848K, 0% used [0x00000000eac80000,0x00000000eac80000,0x00000000ebb00000)
 ParOldGen       total 60928K, used 31447K [0x00000000a0000000, 0x00000000a3b80000, 0x00000000e0000000)
  object space 60928K, 51% used [0x00000000a0000000,0x00000000a1eb5e10,0x00000000a3b80000)
 Metaspace       used 50847K, capacity 52496K, committed 52736K, reserved 1095680K
  class space    used 6942K, capacity 7383K, committed 7424K, reserved 1048576K
}
Event: 19.023 GC heap before
{Heap before GC invocations=14 (full 2):
 PSYoungGen      total 141824K, used 138278K [0x00000000e0000000, 0x00000000ebb00000, 0x0000000100000000)
  eden space 127488K, 100% used [0x00000000e0000000,0x00000000e7c80000,0x00000000e7c80000)
  from space 14336K, 75% used [0x00000000e7c80000,0x00000000e87099f0,0x00000000e8a80000)
  to   space 14848K, 0% used [0x00000000eac80000,0x00000000eac80000,0x00000000ebb00000)
 ParOldGen       total 60928K, used 31447K [0x00000000a0000000, 0x00000000a3b80000, 0x00000000e0000000)
  object space 60928K, 51% used [0x00000000a0000000,0x00000000a1eb5e10,0x00000000a3b80000)
 Metaspace       used 55644K, capacity 57638K, committed 57856K, reserved 1099776K
  class space    used 7618K, capacity 8119K, committed 8192K, reserved 1048576K
Event: 19.054 GC heap after
Heap after GC invocations=14 (full 2):
 PSYoungGen      total 173568K, used 14840K [0x00000000e0000000, 0x00000000ebe00000, 0x0000000100000000)
  eden space 158720K, 0% used [0x00000000e0000000,0x00000000e0000000,0x00000000e9b00000)
  from space 14848K, 99% used [0x00000000eac80000,0x00000000ebafe000,0x00000000ebb00000)
  to   space 17920K, 0% used [0x00000000e9b00000,0x00000000e9b00000,0x00000000eac80000)
 ParOldGen       total 60928K, used 33180K [0x00000000a0000000, 0x00000000a3b80000, 0x00000000e0000000)
  object space 60928K, 54% used [0x00000000a0000000,0x00000000a2067290,0x00000000a3b80000)
 Metaspace       used 55644K, capacity 57638K, committed 57856K, reserved 1099776K
  class space    used 7618K, capacity 8119K, committed 8192K, reserved 1048576K
}
Event: 23.202 GC heap before
{Heap before GC invocations=15 (full 2):
 PSYoungGen      total 173568K, used 124839K [0x00000000e0000000, 0x00000000ebe00000, 0x0000000100000000)
  eden space 158720K, 69% used [0x00000000e0000000,0x00000000e6b6bff8,0x00000000e9b00000)
  from space 14848K, 99% used [0x00000000eac80000,0x00000000ebafe000,0x00000000ebb00000)
  to   space 17920K, 0% used [0x00000000e9b00000,0x00000000e9b00000,0x00000000eac80000)
 ParOldGen       total 60928K, used 33180K [0x00000000a0000000, 0x00000000a3b80000, 0x00000000e0000000)
  object space 60928K, 54% used [0x00000000a0000000,0x00000000a2067290,0x00000000a3b80000)
 Metaspace       used 56912K, capacity 58920K, committed 59008K, reserved 1099776K
  class space    used 7770K, capacity 8240K, committed 8320K, reserved 1048576K
Event: 23.255 GC heap after
Heap after GC invocations=15 (full 2):
 PSYoungGen      total 176640K, used 6394K [0x00000000e0000000, 0x00000000ee100000, 0x0000000100000000)
  eden space 158720K, 0% used [0x00000000e0000000,0x00000000e0000000,0x00000000e9b00000)
  from space 17920K, 35% used [0x00000000e9b00000,0x00000000ea13ea18,0x00000000eac80000)
  to   space 16896K, 0% used [0x00000000ed080000,0x00000000ed080000,0x00000000ee100000)
 ParOldGen       total 60928K, used 46617K [0x00000000a0000000, 0x00000000a3b80000, 0x00000000e0000000)
  object space 60928K, 76% used [0x00000000a0000000,0x00000000a2d86598,0x00000000a3b80000)
 Metaspace       used 56912K, capacity 58920K, committed 59008K, reserved 1099776K
  class space    used 7770K, capacity 8240K, committed 8320K, reserved 1048576K
}
Event: 23.255 GC heap before
{Heap before GC invocations=16 (full 3):
 PSYoungGen      total 176640K, used 6394K [0x00000000e0000000, 0x00000000ee100000, 0x0000000100000000)
  eden space 158720K, 0% used [0x00000000e0000000,0x00000000e0000000,0x00000000e9b00000)
  from space 17920K, 35% used [0x00000000e9b00000,0x00000000ea13ea18,0x00000000eac80000)
  to   space 16896K, 0% used [0x00000000ed080000,0x00000000ed080000,0x00000000ee100000)
 ParOldGen       total 60928K, used 46617K [0x00000000a0000000, 0x00000000a3b80000, 0x00000000e0000000)
  object space 60928K, 76% used [0x00000000a0000000,0x00000000a2d86598,0x00000000a3b80000)
 Metaspace       used 56912K, capacity 58920K, committed 59008K, reserved 1099776K
  class space    used 7770K, capacity 8240K, committed 8320K, reserved 1048576K
Event: 23.739 GC heap after
Heap after GC invocations=16 (full 3):
 PSYoungGen      total 176640K, used 0K [0x00000000e0000000, 0x00000000ee100000, 0x0000000100000000)
  eden space 158720K, 0% used [0x00000000e0000000,0x00000000e0000000,0x00000000e9b00000)
  from space 17920K, 0% used [0x00000000e9b00000,0x00000000e9b00000,0x00000000eac80000)
  to   space 16896K, 0% used [0x00000000ed080000,0x00000000ed080000,0x00000000ee100000)
 ParOldGen       total 104960K, used 42630K [0x00000000a0000000, 0x00000000a6680000, 0x00000000e0000000)
  object space 104960K, 40% used [0x00000000a0000000,0x00000000a29a1860,0x00000000a6680000)
 Metaspace       used 56893K, capacity 58876K, committed 59008K, reserved 1099776K
  class space    used 7763K, capacity 8228K, committed 8320K, reserved 1048576K
}

