# JRE version: OpenJDK Runtime Environment (8.0_152-b02) (build 1.8.0_152-release-1024-b02)
# Java VM: OpenJDK 64-Bit Server VM (25.152-b02 mixed mode windows-amd64 compressed oops)
Heap:
 PSYoungGen      total 253440K, used 54651K [0x00000000e0000000, 0x00000000f2380000, 0x0000000100000000)
  eden space 216576K, 16% used [0x00000000e0000000,0x00000000e23b04a8,0x00000000ed380000)
  from space 36864K, 49% used [0x00000000eff80000,0x00000000f112e940,0x00000000f2380000)
  to   space 40960K, 0% used [0x00000000ed380000,0x00000000ed380000,0x00000000efb80000)
 ParOldGen       total 103936K, used 47555K [0x00000000a0000000, 0x00000000a6580000, 0x00000000e0000000)
  object space 103936K, 45% used [0x00000000a0000000,0x00000000a2e70f40,0x00000000a6580000)
 Metaspace       used 71289K, capacity 74646K, committed 74752K, reserved 1114112K
  class space    used 9461K, capacity 10209K, committed 10240K, reserved 1048576K
GC Heap History (10 events):
Event: 22.961 GC heap before
{Heap before GC invocations=16 (full 3):
 PSYoungGen      total 172544K, used 2204K [0x00000000e0000000, 0x00000000edb00000, 0x0000000100000000)
  eden space 154624K, 0% used [0x00000000e0000000,0x00000000e0000000,0x00000000e9700000)
  from space 17920K, 12% used [0x00000000e9700000,0x00000000e99271a8,0x00000000ea880000)
  to   space 17920K, 0% used [0x00000000ec980000,0x00000000ec980000,0x00000000edb00000)
 ParOldGen       total 62976K, used 46881K [0x00000000a0000000, 0x00000000a3d80000, 0x00000000e0000000)
  object space 62976K, 74% used [0x00000000a0000000,0x00000000a2dc84f0,0x00000000a3d80000)
 Metaspace       used 56819K, capacity 58788K, committed 59008K, reserved 1099776K
  class space    used 7791K, capacity 8292K, committed 8320K, reserved 1048576K
Event: 23.330 GC heap after
Heap after GC invocations=16 (full 3):
 PSYoungGen      total 172544K, used 0K [0x00000000e0000000, 0x00000000edb00000, 0x0000000100000000)
  eden space 154624K, 0% used [0x00000000e0000000,0x00000000e0000000,0x00000000e9700000)
  from space 17920K, 0% used [0x00000000e9700000,0x00000000e9700000,0x00000000ea880000)
  to   space 17920K, 0% used [0x00000000ec980000,0x00000000ec980000,0x00000000edb00000)
 ParOldGen       total 103936K, used 38718K [0x00000000a0000000, 0x00000000a6580000, 0x00000000e0000000)
  object space 103936K, 37% used [0x00000000a0000000,0x00000000a25cf888,0x00000000a6580000)
 Metaspace       used 56819K, capacity 58788K, committed 59008K, reserved 1099776K
  class space    used 7791K, capacity 8292K, committed 8320K, reserved 1048576K
}
Event: 26.925 GC heap before
{Heap before GC invocations=17 (full 3):
 PSYoungGen      total 172544K, used 154624K [0x00000000e0000000, 0x00000000edb00000, 0x0000000100000000)
  eden space 154624K, 100% used [0x00000000e0000000,0x00000000e9700000,0x00000000e9700000)
  from space 17920K, 0% used [0x00000000e9700000,0x00000000e9700000,0x00000000ea880000)
  to   space 17920K, 0% used [0x00000000ec980000,0x00000000ec980000,0x00000000edb00000)
 ParOldGen       total 103936K, used 38718K [0x00000000a0000000, 0x00000000a6580000, 0x00000000e0000000)
  object space 103936K, 37% used [0x00000000a0000000,0x00000000a25cf888,0x00000000a6580000)
 Metaspace       used 61906K, capacity 63894K, committed 64256K, reserved 1103872K
  class space    used 8325K, capacity 8845K, committed 8960K, reserved 1048576K
Event: 27.007 GC heap after
Heap after GC invocations=17 (full 3):
 PSYoungGen      total 196608K, used 17916K [0x00000000e0000000, 0x00000000eef80000, 0x0000000100000000)
  eden space 178688K, 0% used [0x00000000e0000000,0x00000000e0000000,0x00000000eae80000)
  from space 17920K, 99% used [0x00000000ec980000,0x00000000edaff028,0x00000000edb00000)
  to   space 27648K, 0% used [0x00000000eae80000,0x00000000eae80000,0x00000000ec980000)
 ParOldGen       total 103936K, used 57230K [0x00000000a0000000, 0x00000000a6580000, 0x00000000e0000000)
  object space 103936K, 55% used [0x00000000a0000000,0x00000000a37e3b98,0x00000000a6580000)
 Metaspace       used 61906K, capacity 63894K, committed 64256K, reserved 1103872K
  class space    used 8325K, capacity 8845K, committed 8960K, reserved 1048576K
}
Event: 33.696 GC heap before
{Heap before GC invocations=18 (full 3):
 PSYoungGen      total 196608K, used 196604K [0x00000000e0000000, 0x00000000eef80000, 0x0000000100000000)
  eden space 178688K, 100% used [0x00000000e0000000,0x00000000eae80000,0x00000000eae80000)
  from space 17920K, 99% used [0x00000000ec980000,0x00000000edaff028,0x00000000edb00000)
  to   space 27648K, 0% used [0x00000000eae80000,0x00000000eae80000,0x00000000ec980000)
 ParOldGen       total 103936K, used 57230K [0x00000000a0000000, 0x00000000a6580000, 0x00000000e0000000)
  object space 103936K, 55% used [0x00000000a0000000,0x00000000a37e3b98,0x00000000a6580000)
 Metaspace       used 63487K, capacity 65500K, committed 65920K, reserved 1105920K
  class space    used 8420K, capacity 8974K, committed 9088K, reserved 1048576K
Event: 33.800 GC heap after
Heap after GC invocations=18 (full 3):
 PSYoungGen      total 206336K, used 27627K [0x00000000e0000000, 0x00000000f2900000, 0x0000000100000000)
  eden space 178688K, 0% used [0x00000000e0000000,0x00000000e0000000,0x00000000eae80000)
  from space 27648K, 99% used [0x00000000eae80000,0x00000000ec97ac68,0x00000000ec980000)
  to   space 42496K, 0% used [0x00000000eff80000,0x00000000eff80000,0x00000000f2900000)
 ParOldGen       total 103936K, used 84404K [0x00000000a0000000, 0x00000000a6580000, 0x00000000e0000000)
  object space 103936K, 81% used [0x00000000a0000000,0x00000000a526d258,0x00000000a6580000)
 Metaspace       used 63487K, capacity 65500K, committed 65920K, reserved 1105920K
  class space    used 8420K, capacity 8974K, committed 9088K, reserved 1048576K
}
Event: 33.800 GC heap before
{Heap before GC invocations=19 (full 4):
 PSYoungGen      total 206336K, used 27627K [0x00000000e0000000, 0x00000000f2900000, 0x0000000100000000)
  eden space 178688K, 0% used [0x00000000e0000000,0x00000000e0000000,0x00000000eae80000)
  from space 27648K, 99% used [0x00000000eae80000,0x00000000ec97ac68,0x00000000ec980000)
  to   space 42496K, 0% used [0x00000000eff80000,0x00000000eff80000,0x00000000f2900000)
 ParOldGen       total 103936K, used 84404K [0x00000000a0000000, 0x00000000a6580000, 0x00000000e0000000)
  object space 103936K, 81% used [0x00000000a0000000,0x00000000a526d258,0x00000000a6580000)
 Metaspace       used 63487K, capacity 65500K, committed 65920K, reserved 1105920K
  class space    used 8420K, capacity 8974K, committed 9088K, reserved 1048576K
Event: 34.026 GC heap after
Heap after GC invocations=19 (full 4):
 PSYoungGen      total 206336K, used 0K [0x00000000e0000000, 0x00000000f2900000, 0x0000000100000000)
  eden space 178688K, 0% used [0x00000000e0000000,0x00000000e0000000,0x00000000eae80000)
  from space 27648K, 0% used [0x00000000eae80000,0x00000000eae80000,0x00000000ec980000)
  to   space 42496K, 0% used [0x00000000eff80000,0x00000000eff80000,0x00000000f2900000)
 ParOldGen       total 103936K, used 47547K [0x00000000a0000000, 0x00000000a6580000, 0x00000000e0000000)
  object space 103936K, 45% used [0x00000000a0000000,0x00000000a2e6ef40,0x00000000a6580000)
 Metaspace       used 62510K, capacity 64490K, committed 65920K, reserved 1105920K
  class space    used 8322K, capacity 8869K, committed 9088K, reserved 1048576K
}
Event: 40.543 GC heap before
{Heap before GC invocations=20 (full 4):
 PSYoungGen      total 206336K, used 178688K [0x00000000e0000000, 0x00000000f2900000, 0x0000000100000000)
  eden space 178688K, 100% used [0x00000000e0000000,0x00000000eae80000,0x00000000eae80000)
  from space 27648K, 0% used [0x00000000eae80000,0x00000000eae80000,0x00000000ec980000)
  to   space 42496K, 0% used [0x00000000eff80000,0x00000000eff80000,0x00000000f2900000)
 ParOldGen       total 103936K, used 47547K [0x00000000a0000000, 0x00000000a6580000, 0x00000000e0000000)
  object space 103936K, 45% used [0x00000000a0000000,0x00000000a2e6ef40,0x00000000a6580000)
 Metaspace       used 71097K, capacity 74414K, committed 74496K, reserved 1114112K
  class space    used 9442K, capacity 10175K, committed 10240K, reserved 1048576K
Event: 40.593 GC heap after
Heap after GC invocations=20 (full 4):
 PSYoungGen      total 253440K, used 18106K [0x00000000e0000000, 0x00000000f2380000, 0x0000000100000000)
  eden space 216576K, 0% used [0x00000000e0000000,0x00000000e0000000,0x00000000ed380000)
  from space 36864K, 49% used [0x00000000eff80000,0x00000000f112e940,0x00000000f2380000)
  to   space 40960K, 0% used [0x00000000ed380000,0x00000000ed380000,0x00000000efb80000)
 ParOldGen       total 103936K, used 47555K [0x00000000a0000000, 0x00000000a6580000, 0x00000000e0000000)
  object space 103936K, 45% used [0x00000000a0000000,0x00000000a2e70f40,0x00000000a6580000)
 Metaspace       used 71097K, capacity 74414K, committed 74496K, reserved 1114112K
  class space    used 9442K, capacity 10175K, committed 10240K, reserved 1048576K
}

