# JRE version: OpenJDK Runtime Environment (8.0_152-b02) (build 1.8.0_152-release-1024-b02)
# Java VM: OpenJDK 64-Bit Server VM (25.152-b02 mixed mode windows-amd64 compressed oops)
Heap:
 PSYoungGen      total 207360K, used 101199K [0x00000000e0000000, 0x00000000eed80000, 0x0000000100000000)
  eden space 178688K, 56% used [0x00000000e0000000,0x00000000e62d3e60,0x00000000eae80000)
  from space 28672K, 0% used [0x00000000eae80000,0x00000000eae80000,0x00000000eca80000)
  to   space 19456K, 0% used [0x00000000eca80000,0x00000000eca80000,0x00000000edd80000)
 ParOldGen       total 145920K, used 49422K [0x00000000a0000000, 0x00000000a8e80000, 0x00000000e0000000)
  object space 145920K, 33% used [0x00000000a0000000,0x00000000a3043a38,0x00000000a8e80000)
 Metaspace       used 65361K, capacity 67644K, committed 67968K, reserved 1107968K
  class space    used 8675K, capacity 9233K, committed 9344K, reserved 1048576K
GC Heap History (10 events):
Event: 21.574 GC heap before
{Heap before GC invocations=15 (full 2):
 PSYoungGen      total 171520K, used 66783K [0x00000000e0000000, 0x00000000eba80000, 0x0000000100000000)
  eden space 153088K, 35% used [0x00000000e0000000,0x00000000e34a6c60,0x00000000e9580000)
  from space 18432K, 69% used [0x00000000ea880000,0x00000000eb511198,0x00000000eba80000)
  to   space 18944K, 0% used [0x00000000e9580000,0x00000000e9580000,0x00000000ea800000)
 ParOldGen       total 61952K, used 40681K [0x00000000a0000000, 0x00000000a3c80000, 0x00000000e0000000)
  object space 61952K, 65% used [0x00000000a0000000,0x00000000a27ba710,0x00000000a3c80000)
 Metaspace       used 56846K, capacity 58814K, committed 59008K, reserved 1099776K
  class space    used 7794K, capacity 8294K, committed 8320K, reserved 1048576K
Event: 21.598 GC heap after
Heap after GC invocations=15 (full 2):
 PSYoungGen      total 172032K, used 12572K [0x00000000e0000000, 0x00000000edd80000, 0x0000000100000000)
  eden space 153088K, 0% used [0x00000000e0000000,0x00000000e0000000,0x00000000e9580000)
  from space 18944K, 66% used [0x00000000e9580000,0x00000000ea1c71e8,0x00000000ea800000)
  to   space 19456K, 0% used [0x00000000eca80000,0x00000000eca80000,0x00000000edd80000)
 ParOldGen       total 61952K, used 40689K [0x00000000a0000000, 0x00000000a3c80000, 0x00000000e0000000)
  object space 61952K, 65% used [0x00000000a0000000,0x00000000a27bc710,0x00000000a3c80000)
 Metaspace       used 56846K, capacity 58814K, committed 59008K, reserved 1099776K
  class space    used 7794K, capacity 8294K, committed 8320K, reserved 1048576K
}
Event: 21.598 GC heap before
{Heap before GC invocations=16 (full 3):
 PSYoungGen      total 172032K, used 12572K [0x00000000e0000000, 0x00000000edd80000, 0x0000000100000000)
  eden space 153088K, 0% used [0x00000000e0000000,0x00000000e0000000,0x00000000e9580000)
  from space 18944K, 66% used [0x00000000e9580000,0x00000000ea1c71e8,0x00000000ea800000)
  to   space 19456K, 0% used [0x00000000eca80000,0x00000000eca80000,0x00000000edd80000)
 ParOldGen       total 61952K, used 40689K [0x00000000a0000000, 0x00000000a3c80000, 0x00000000e0000000)
  object space 61952K, 65% used [0x00000000a0000000,0x00000000a27bc710,0x00000000a3c80000)
 Metaspace       used 56846K, capacity 58814K, committed 59008K, reserved 1099776K
  class space    used 7794K, capacity 8294K, committed 8320K, reserved 1048576K
Event: 21.954 GC heap after
Heap after GC invocations=16 (full 3):
 PSYoungGen      total 172032K, used 0K [0x00000000e0000000, 0x00000000edd80000, 0x0000000100000000)
  eden space 153088K, 0% used [0x00000000e0000000,0x00000000e0000000,0x00000000e9580000)
  from space 18944K, 0% used [0x00000000e9580000,0x00000000e9580000,0x00000000ea800000)
  to   space 19456K, 0% used [0x00000000eca80000,0x00000000eca80000,0x00000000edd80000)
 ParOldGen       total 101376K, used 38847K [0x00000000a0000000, 0x00000000a6300000, 0x00000000e0000000)
  object space 101376K, 38% used [0x00000000a0000000,0x00000000a25effe0,0x00000000a6300000)
 Metaspace       used 56846K, capacity 58814K, committed 59008K, reserved 1099776K
  class space    used 7794K, capacity 8294K, committed 8320K, reserved 1048576K
}
Event: 27.347 GC heap before
{Heap before GC invocations=17 (full 3):
 PSYoungGen      total 172032K, used 153088K [0x00000000e0000000, 0x00000000edd80000, 0x0000000100000000)
  eden space 153088K, 100% used [0x00000000e0000000,0x00000000e9580000,0x00000000e9580000)
  from space 18944K, 0% used [0x00000000e9580000,0x00000000e9580000,0x00000000ea800000)
  to   space 19456K, 0% used [0x00000000eca80000,0x00000000eca80000,0x00000000edd80000)
 ParOldGen       total 101376K, used 38847K [0x00000000a0000000, 0x00000000a6300000, 0x00000000e0000000)
  object space 101376K, 38% used [0x00000000a0000000,0x00000000a25effe0,0x00000000a6300000)
 Metaspace       used 61931K, capacity 63920K, committed 64256K, reserved 1103872K
  class space    used 8328K, capacity 8847K, committed 8960K, reserved 1048576K
Event: 27.414 GC heap after
Heap after GC invocations=17 (full 3):
 PSYoungGen      total 198144K, used 19425K [0x00000000e0000000, 0x00000000eed80000, 0x0000000100000000)
  eden space 178688K, 0% used [0x00000000e0000000,0x00000000e0000000,0x00000000eae80000)
  from space 19456K, 99% used [0x00000000eca80000,0x00000000edd786e0,0x00000000edd80000)
  to   space 28672K, 0% used [0x00000000eae80000,0x00000000eae80000,0x00000000eca80000)
 ParOldGen       total 101376K, used 55925K [0x00000000a0000000, 0x00000000a6300000, 0x00000000e0000000)
  object space 101376K, 55% used [0x00000000a0000000,0x00000000a369d630,0x00000000a6300000)
 Metaspace       used 61931K, capacity 63920K, committed 64256K, reserved 1103872K
  class space    used 8328K, capacity 8847K, committed 8960K, reserved 1048576K
}
Event: 34.746 GC heap before
{Heap before GC invocations=18 (full 3):
 PSYoungGen      total 198144K, used 198113K [0x00000000e0000000, 0x00000000eed80000, 0x0000000100000000)
  eden space 178688K, 100% used [0x00000000e0000000,0x00000000eae80000,0x00000000eae80000)
  from space 19456K, 99% used [0x00000000eca80000,0x00000000edd786e0,0x00000000edd80000)
  to   space 28672K, 0% used [0x00000000eae80000,0x00000000eae80000,0x00000000eca80000)
 ParOldGen       total 101376K, used 55925K [0x00000000a0000000, 0x00000000a6300000, 0x00000000e0000000)
  object space 101376K, 55% used [0x00000000a0000000,0x00000000a369d630,0x00000000a6300000)
 Metaspace       used 63582K, capacity 65590K, committed 65920K, reserved 1105920K
  class space    used 8430K, capacity 8976K, committed 9088K, reserved 1048576K
Event: 34.865 GC heap after
Heap after GC invocations=18 (full 3):
 PSYoungGen      total 207360K, used 28660K [0x00000000e0000000, 0x00000000eed80000, 0x0000000100000000)
  eden space 178688K, 0% used [0x00000000e0000000,0x00000000e0000000,0x00000000eae80000)
  from space 28672K, 99% used [0x00000000eae80000,0x00000000eca7d390,0x00000000eca80000)
  to   space 19456K, 0% used [0x00000000eca80000,0x00000000eca80000,0x00000000edd80000)
 ParOldGen       total 101376K, used 88421K [0x00000000a0000000, 0x00000000a6300000, 0x00000000e0000000)
  object space 101376K, 87% used [0x00000000a0000000,0x00000000a5659620,0x00000000a6300000)
 Metaspace       used 63582K, capacity 65590K, committed 65920K, reserved 1105920K
  class space    used 8430K, capacity 8976K, committed 9088K, reserved 1048576K
}
Event: 34.865 GC heap before
{Heap before GC invocations=19 (full 4):
 PSYoungGen      total 207360K, used 28660K [0x00000000e0000000, 0x00000000eed80000, 0x0000000100000000)
  eden space 178688K, 0% used [0x00000000e0000000,0x00000000e0000000,0x00000000eae80000)
  from space 28672K, 99% used [0x00000000eae80000,0x00000000eca7d390,0x00000000eca80000)
  to   space 19456K, 0% used [0x00000000eca80000,0x00000000eca80000,0x00000000edd80000)
 ParOldGen       total 101376K, used 88421K [0x00000000a0000000, 0x00000000a6300000, 0x00000000e0000000)
  object space 101376K, 87% used [0x00000000a0000000,0x00000000a5659620,0x00000000a6300000)
 Metaspace       used 63582K, capacity 65590K, committed 65920K, reserved 1105920K
  class space    used 8430K, capacity 8976K, committed 9088K, reserved 1048576K
Event: 35.106 GC heap after
Heap after GC invocations=19 (full 4):
 PSYoungGen      total 207360K, used 0K [0x00000000e0000000, 0x00000000eed80000, 0x0000000100000000)
  eden space 178688K, 0% used [0x00000000e0000000,0x00000000e0000000,0x00000000eae80000)
  from space 28672K, 0% used [0x00000000eae80000,0x00000000eae80000,0x00000000eca80000)
  to   space 19456K, 0% used [0x00000000eca80000,0x00000000eca80000,0x00000000edd80000)
 ParOldGen       total 145920K, used 49422K [0x00000000a0000000, 0x00000000a8e80000, 0x00000000e0000000)
  object space 145920K, 33% used [0x00000000a0000000,0x00000000a3043a38,0x00000000a8e80000)
 Metaspace       used 62605K, capacity 64580K, committed 65920K, reserved 1105920K
  class space    used 8332K, capacity 8871K, committed 9088K, reserved 1048576K
}

