# JRE version: OpenJDK Runtime Environment (8.0_152-b02) (build 1.8.0_152-release-1024-b02)
# Java VM: OpenJDK 64-Bit Server VM (25.152-b02 mixed mode windows-amd64 compressed oops)
Heap:
 PSYoungGen      total 431616K, used 260331K [0x00000000e0000000, 0x00000000fb380000, 0x0000000100000000)
  eden space 417280K, 60% used [0x00000000e0000000,0x00000000ef7633a0,0x00000000f9780000)
  from space 14336K, 48% used [0x00000000fa500000,0x00000000fabd7978,0x00000000fb300000)
  to   space 13824K, 0% used [0x00000000f9780000,0x00000000f9780000,0x00000000fa500000)
 ParOldGen       total 104448K, used 43618K [0x00000000a0000000, 0x00000000a6600000, 0x00000000e0000000)
  object space 104448K, 41% used [0x00000000a0000000,0x00000000a2a98be8,0x00000000a6600000)
 Metaspace       used 67681K, capacity 70656K, committed 70784K, reserved 1110016K
  class space    used 8934K, capacity 9574K, committed 9600K, reserved 1048576K
GC Heap History (10 events):
Event: 66.584 GC heap before
{Heap before GC invocations=31 (full 3):
 PSYoungGen      total 431104K, used 426811K [0x00000000e0000000, 0x00000000fb380000, 0x0000000100000000)
  eden space 417280K, 100% used [0x00000000e0000000,0x00000000f9780000,0x00000000f9780000)
  from space 13824K, 68% used [0x00000000f9780000,0x00000000fa0ceeb8,0x00000000fa500000)
  to   space 14336K, 0% used [0x00000000fa500000,0x00000000fa500000,0x00000000fb300000)
 ParOldGen       total 104448K, used 42118K [0x00000000a0000000, 0x00000000a6600000, 0x00000000e0000000)
  object space 104448K, 40% used [0x00000000a0000000,0x00000000a2921b68,0x00000000a6600000)
 Metaspace       used 66438K, capacity 69292K, committed 69376K, reserved 1110016K
  class space    used 8848K, capacity 9432K, committed 9472K, reserved 1048576K
Event: 66.599 GC heap after
Heap after GC invocations=31 (full 3):
 PSYoungGen      total 431616K, used 2304K [0x00000000e0000000, 0x00000000fb380000, 0x0000000100000000)
  eden space 417280K, 0% used [0x00000000e0000000,0x00000000e0000000,0x00000000f9780000)
  from space 14336K, 16% used [0x00000000fa500000,0x00000000fa740020,0x00000000fb300000)
  to   space 13824K, 0% used [0x00000000f9780000,0x00000000f9780000,0x00000000fa500000)
 ParOldGen       total 104448K, used 42126K [0x00000000a0000000, 0x00000000a6600000, 0x00000000e0000000)
  object space 104448K, 40% used [0x00000000a0000000,0x00000000a2923b68,0x00000000a6600000)
 Metaspace       used 66438K, capacity 69292K, committed 69376K, reserved 1110016K
  class space    used 8848K, capacity 9432K, committed 9472K, reserved 1048576K
}
Event: 68.736 GC heap before
{Heap before GC invocations=32 (full 3):
 PSYoungGen      total 431616K, used 419584K [0x00000000e0000000, 0x00000000fb380000, 0x0000000100000000)
  eden space 417280K, 100% used [0x00000000e0000000,0x00000000f9780000,0x00000000f9780000)
  from space 14336K, 16% used [0x00000000fa500000,0x00000000fa740020,0x00000000fb300000)
  to   space 13824K, 0% used [0x00000000f9780000,0x00000000f9780000,0x00000000fa500000)
 ParOldGen       total 104448K, used 42126K [0x00000000a0000000, 0x00000000a6600000, 0x00000000e0000000)
  object space 104448K, 40% used [0x00000000a0000000,0x00000000a2923b68,0x00000000a6600000)
 Metaspace       used 66470K, capacity 69292K, committed 69376K, reserved 1110016K
  class space    used 8848K, capacity 9432K, committed 9472K, reserved 1048576K
Event: 68.751 GC heap after
Heap after GC invocations=32 (full 3):
 PSYoungGen      total 431104K, used 2825K [0x00000000e0000000, 0x00000000fb380000, 0x0000000100000000)
  eden space 417280K, 0% used [0x00000000e0000000,0x00000000e0000000,0x00000000f9780000)
  from space 13824K, 20% used [0x00000000f9780000,0x00000000f9a424c0,0x00000000fa500000)
  to   space 14336K, 0% used [0x00000000fa500000,0x00000000fa500000,0x00000000fb300000)
 ParOldGen       total 104448K, used 43546K [0x00000000a0000000, 0x00000000a6600000, 0x00000000e0000000)
  object space 104448K, 41% used [0x00000000a0000000,0x00000000a2a86be8,0x00000000a6600000)
 Metaspace       used 66470K, capacity 69292K, committed 69376K, reserved 1110016K
  class space    used 8848K, capacity 9432K, committed 9472K, reserved 1048576K
}
Event: 71.982 GC heap before
{Heap before GC invocations=33 (full 3):
 PSYoungGen      total 431104K, used 420088K [0x00000000e0000000, 0x00000000fb380000, 0x0000000100000000)
  eden space 417280K, 99% used [0x00000000e0000000,0x00000000f977bee0,0x00000000f9780000)
  from space 13824K, 20% used [0x00000000f9780000,0x00000000f9a424c0,0x00000000fa500000)
  to   space 14336K, 0% used [0x00000000fa500000,0x00000000fa500000,0x00000000fb300000)
 ParOldGen       total 104448K, used 43546K [0x00000000a0000000, 0x00000000a6600000, 0x00000000e0000000)
  object space 104448K, 41% used [0x00000000a0000000,0x00000000a2a86be8,0x00000000a6600000)
 Metaspace       used 66616K, capacity 69476K, committed 69632K, reserved 1110016K
  class space    used 8856K, capacity 9468K, committed 9472K, reserved 1048576K
Event: 71.994 GC heap after
Heap after GC invocations=33 (full 3):
 PSYoungGen      total 431616K, used 1827K [0x00000000e0000000, 0x00000000fb380000, 0x0000000100000000)
  eden space 417280K, 0% used [0x00000000e0000000,0x00000000e0000000,0x00000000f9780000)
  from space 14336K, 12% used [0x00000000fa500000,0x00000000fa6c8ff0,0x00000000fb300000)
  to   space 13824K, 0% used [0x00000000f9780000,0x00000000f9780000,0x00000000fa500000)
 ParOldGen       total 104448K, used 43578K [0x00000000a0000000, 0x00000000a6600000, 0x00000000e0000000)
  object space 104448K, 41% used [0x00000000a0000000,0x00000000a2a8ebe8,0x00000000a6600000)
 Metaspace       used 66616K, capacity 69476K, committed 69632K, reserved 1110016K
  class space    used 8856K, capacity 9468K, committed 9472K, reserved 1048576K
}
Event: 76.609 GC heap before
{Heap before GC invocations=34 (full 3):
 PSYoungGen      total 431616K, used 419107K [0x00000000e0000000, 0x00000000fb380000, 0x0000000100000000)
  eden space 417280K, 100% used [0x00000000e0000000,0x00000000f9780000,0x00000000f9780000)
  from space 14336K, 12% used [0x00000000fa500000,0x00000000fa6c8ff0,0x00000000fb300000)
  to   space 13824K, 0% used [0x00000000f9780000,0x00000000f9780000,0x00000000fa500000)
 ParOldGen       total 104448K, used 43578K [0x00000000a0000000, 0x00000000a6600000, 0x00000000e0000000)
  object space 104448K, 41% used [0x00000000a0000000,0x00000000a2a8ebe8,0x00000000a6600000)
 Metaspace       used 66712K, capacity 69604K, committed 69632K, reserved 1110016K
  class space    used 8856K, capacity 9468K, committed 9472K, reserved 1048576K
Event: 76.634 GC heap after
Heap after GC invocations=34 (full 3):
 PSYoungGen      total 431104K, used 5516K [0x00000000e0000000, 0x00000000fb380000, 0x0000000100000000)
  eden space 417280K, 0% used [0x00000000e0000000,0x00000000e0000000,0x00000000f9780000)
  from space 13824K, 39% used [0x00000000f9780000,0x00000000f9ce3270,0x00000000fa500000)
  to   space 14336K, 0% used [0x00000000fa500000,0x00000000fa500000,0x00000000fb300000)
 ParOldGen       total 104448K, used 43594K [0x00000000a0000000, 0x00000000a6600000, 0x00000000e0000000)
  object space 104448K, 41% used [0x00000000a0000000,0x00000000a2a92be8,0x00000000a6600000)
 Metaspace       used 66712K, capacity 69604K, committed 69632K, reserved 1110016K
  class space    used 8856K, capacity 9468K, committed 9472K, reserved 1048576K
}
Event: 85.829 GC heap before
{Heap before GC invocations=35 (full 3):
 PSYoungGen      total 431104K, used 422459K [0x00000000e0000000, 0x00000000fb380000, 0x0000000100000000)
  eden space 417280K, 99% used [0x00000000e0000000,0x00000000f972bbd8,0x00000000f9780000)
  from space 13824K, 39% used [0x00000000f9780000,0x00000000f9ce3270,0x00000000fa500000)
  to   space 14336K, 0% used [0x00000000fa500000,0x00000000fa500000,0x00000000fb300000)
 ParOldGen       total 104448K, used 43594K [0x00000000a0000000, 0x00000000a6600000, 0x00000000e0000000)
  object space 104448K, 41% used [0x00000000a0000000,0x00000000a2a92be8,0x00000000a6600000)
 Metaspace       used 67600K, capacity 70568K, committed 70784K, reserved 1110016K
  class space    used 8928K, capacity 9570K, committed 9600K, reserved 1048576K
Event: 85.846 GC heap after
Heap after GC invocations=35 (full 3):
 PSYoungGen      total 431616K, used 7006K [0x00000000e0000000, 0x00000000fb380000, 0x0000000100000000)
  eden space 417280K, 0% used [0x00000000e0000000,0x00000000e0000000,0x00000000f9780000)
  from space 14336K, 48% used [0x00000000fa500000,0x00000000fabd7978,0x00000000fb300000)
  to   space 13824K, 0% used [0x00000000f9780000,0x00000000f9780000,0x00000000fa500000)
 ParOldGen       total 104448K, used 43618K [0x00000000a0000000, 0x00000000a6600000, 0x00000000e0000000)
  object space 104448K, 41% used [0x00000000a0000000,0x00000000a2a98be8,0x00000000a6600000)
 Metaspace       used 67600K, capacity 70568K, committed 70784K, reserved 1110016K
  class space    used 8928K, capacity 9570K, committed 9600K, reserved 1048576K
}

